2017-11-26 15:47:30,705 [main       ] INFO  c.v.r.f.Foodzilla              - Starting Foodzilla v01.00.00 on leite-Vostro-3360 with PID 14913 (/home/leite/nodeWorkspace/foodzilla-backend/deploy/foodzilla-backend-01.00.00.jar started by leite in /home/leite/nodeWorkspace/foodzilla-backend/deploy)
2017-11-26 15:47:30,717 [main       ] INFO  c.v.r.f.Foodzilla              - The following profiles are active: dev
2017-11-26 15:47:30,879 [main       ] INFO  gEmbeddedWebApplicationContext - Refreshing org.springframework.boot.context.embedded.AnnotationConfigEmbeddedWebApplicationContext@23ab930d: startup date [Sun Nov 26 15:47:30 BRST 2017]; root of context hierarchy
2017-11-26 15:47:31,869 [und-preinit] INFO  o.h.v.i.u.Version              - HV000001: Hibernate Validator 5.3.5.Final
2017-11-26 15:47:35,870 [main       ] INFO  TomcatEmbeddedServletContainer - Tomcat initialized with port(s): 8080 (http)
2017-11-26 15:47:36,425 [startStop-1] INFO  o.s.w.c.ContextLoader          - Root WebApplicationContext: initialization completed in 5552 ms
2017-11-26 15:47:37,030 [startStop-1] INFO  .b.w.s.ServletRegistrationBean - Mapping servlet: 'dispatcherServlet' to [/]
2017-11-26 15:47:37,039 [startStop-1] INFO  s.b.w.s.FilterRegistrationBean - Mapping filter: 'characterEncodingFilter' to: [/*]
2017-11-26 15:47:37,040 [startStop-1] INFO  s.b.w.s.FilterRegistrationBean - Mapping filter: 'hiddenHttpMethodFilter' to: [/*]
2017-11-26 15:47:37,041 [startStop-1] INFO  s.b.w.s.FilterRegistrationBean - Mapping filter: 'httpPutFormContentFilter' to: [/*]
2017-11-26 15:47:37,041 [startStop-1] INFO  s.b.w.s.FilterRegistrationBean - Mapping filter: 'requestContextFilter' to: [/*]
2017-11-26 15:47:39,132 [main       ] INFO  a.RequestMappingHandlerMapping - Mapped "{[/api],methods=[GET]}" onto java.lang.String com.vanhack.rp.foodzilla.api.ApiHomeController.info() throws com.fasterxml.jackson.jr.ob.JSONObjectException,com.fasterxml.jackson.core.JsonProcessingException,java.io.IOException
2017-11-26 15:47:39,153 [main       ] INFO  a.RequestMappingHandlerMapping - Mapped "{[/api/recipes],methods=[GET],produces=[application/json]}" onto java.util.List<com.vanhack.rp.foodzilla.api.to.RecipeTO> com.vanhack.rp.foodzilla.api.ApiRecipesController.searchByIngredients(java.lang.String,java.util.List<java.lang.String>,boolean,java.lang.Integer,javax.servlet.http.HttpServletResponse) throws com.fasterxml.jackson.jr.ob.JSONObjectException,com.fasterxml.jackson.core.JsonProcessingException,java.io.IOException
2017-11-26 15:47:39,160 [main       ] INFO  a.RequestMappingHandlerMapping - Mapped "{[/],methods=[GET]}" onto java.lang.String com.vanhack.rp.foodzilla.controller.HomeController.home(javax.servlet.http.HttpServletRequest)
2017-11-26 15:47:39,162 [main       ] INFO  a.RequestMappingHandlerMapping - Mapped "{[/authenticate],methods=[POST]}" onto com.vanhack.rp.foodzilla.security.AuthenticationResponse com.vanhack.rp.foodzilla.controller.AuthenticationController.authenticate(javax.servlet.http.HttpServletRequest,javax.servlet.http.HttpServletResponse,com.vanhack.rp.foodzilla.security.AuthenticationRequest) throws java.lang.Exception
2017-11-26 15:47:39,165 [main       ] INFO  a.RequestMappingHandlerMapping - Mapped "{[/v2/api-docs],methods=[GET],produces=[application/json || application/hal+json]}" onto public org.springframework.http.ResponseEntity<springfox.documentation.spring.web.json.Json> springfox.documentation.swagger2.web.Swagger2Controller.getDocumentation(java.lang.String,javax.servlet.http.HttpServletRequest)
2017-11-26 15:47:39,180 [main       ] INFO  a.RequestMappingHandlerMapping - Mapped "{[/swagger-resources/configuration/ui]}" onto org.springframework.http.ResponseEntity<springfox.documentation.swagger.web.UiConfiguration> springfox.documentation.swagger.web.ApiResourceController.uiConfiguration()
2017-11-26 15:47:39,182 [main       ] INFO  a.RequestMappingHandlerMapping - Mapped "{[/swagger-resources]}" onto org.springframework.http.ResponseEntity<java.util.List<springfox.documentation.swagger.web.SwaggerResource>> springfox.documentation.swagger.web.ApiResourceController.swaggerResources()
2017-11-26 15:47:39,189 [main       ] INFO  a.RequestMappingHandlerMapping - Mapped "{[/swagger-resources/configuration/security]}" onto org.springframework.http.ResponseEntity<springfox.documentation.swagger.web.SecurityConfiguration> springfox.documentation.swagger.web.ApiResourceController.securityConfiguration()
2017-11-26 15:47:39,206 [main       ] INFO  a.RequestMappingHandlerMapping - Mapped "{[/error],produces=[text/html]}" onto public org.springframework.web.servlet.ModelAndView org.springframework.boot.autoconfigure.web.BasicErrorController.errorHtml(javax.servlet.http.HttpServletRequest,javax.servlet.http.HttpServletResponse)
2017-11-26 15:47:39,213 [main       ] INFO  a.RequestMappingHandlerMapping - Mapped "{[/error]}" onto public org.springframework.http.ResponseEntity<java.util.Map<java.lang.String, java.lang.Object>> org.springframework.boot.autoconfigure.web.BasicErrorController.error(javax.servlet.http.HttpServletRequest)
2017-11-26 15:47:40,369 [main       ] INFO  a.RequestMappingHandlerAdapter - Looking for @ControllerAdvice: org.springframework.boot.context.embedded.AnnotationConfigEmbeddedWebApplicationContext@23ab930d: startup date [Sun Nov 26 15:47:30 BRST 2017]; root of context hierarchy
2017-11-26 15:47:40,813 [main       ] INFO  .w.s.h.SimpleUrlHandlerMapping - Mapped URL path [/webjars/**] onto handler of type [class org.springframework.web.servlet.resource.ResourceHttpRequestHandler]
2017-11-26 15:47:40,813 [main       ] INFO  .w.s.h.SimpleUrlHandlerMapping - Mapped URL path [/**] onto handler of type [class org.springframework.web.servlet.resource.ResourceHttpRequestHandler]
2017-11-26 15:47:40,926 [main       ] INFO  .w.s.h.SimpleUrlHandlerMapping - Mapped URL path [/**/favicon.ico] onto handler of type [class org.springframework.web.servlet.resource.ResourceHttpRequestHandler]
2017-11-26 15:47:41,439 [main       ] INFO  .j.e.a.AnnotationMBeanExporter - Registering beans for JMX exposure on startup
2017-11-26 15:47:41,457 [main       ] INFO  .c.s.DefaultLifecycleProcessor - Starting beans in phase 2147483647
2017-11-26 15:47:41,457 [main       ] INFO  cumentationPluginsBootstrapper - Context refreshed
2017-11-26 15:47:41,523 [main       ] INFO  cumentationPluginsBootstrapper - Found 1 custom documentation plugin(s)
2017-11-26 15:47:41,551 [main       ] INFO  w.s.ApiListingReferenceScanner - Scanning for api listing references
2017-11-26 15:47:42,240 [main       ] INFO  TomcatEmbeddedServletContainer - Tomcat started on port(s): 8080 (http)
2017-11-26 15:47:42,272 [main       ] INFO  c.v.r.f.Foodzilla              - Started Foodzilla in 12.286 seconds (JVM running for 13.292)
2017-11-26 15:48:24,354 [8080-exec-2] INFO  o.s.w.s.DispatcherServlet      - FrameworkServlet 'dispatcherServlet': initialization started
2017-11-26 15:48:24,377 [8080-exec-2] INFO  o.s.w.s.DispatcherServlet      - FrameworkServlet 'dispatcherServlet': initialization completed in 23 ms
2017-11-26 15:48:35,884 [Thread-3   ] INFO  gEmbeddedWebApplicationContext - Closing org.springframework.boot.context.embedded.AnnotationConfigEmbeddedWebApplicationContext@23ab930d: startup date [Sun Nov 26 15:47:30 BRST 2017]; root of context hierarchy
2017-11-26 15:48:35,887 [Thread-3   ] INFO  .c.s.DefaultLifecycleProcessor - Stopping beans in phase 2147483647
2017-11-26 15:48:35,888 [Thread-3   ] INFO  .j.e.a.AnnotationMBeanExporter - Unregistering JMX-exposed beans on shutdown
